<?xml version="1.0" encoding="UTF-8"?>
<testsuite xmlns:xsi="http://www.w3.org/2001/XMLSchema-instance" xsi:noNamespaceSchemaLocation="https://maven.apache.org/surefire/maven-surefire-plugin/xsd/surefire-test-report-3.0.xsd" version="3.0" name="conduitApp.ExamplesTest" time="5.345" tests="1" errors="0" skipped="0" failures="0">
  <properties>
[...]
</properties>
  <testcase name="testParallel" classname="conduitApp.ExamplesTest" time="5.324">
    <system-out><![CDATA[22:49:58.770 [main] INFO  com.intuit.karate.Runner - using system property 'karate.options': --tags @homework
22:49:59.502 [main] DEBUG com.intuit.karate.Suite - [config] classpath:karate-config.js
22:49:59.506 [main] INFO  com.intuit.karate.Suite - backed up existing 'target/karate-reports' dir to: target/karate-reports_1771040999504
22:49:59.511 [main] DEBUG com.intuit.karate.Suite - waiting for 5 features to complete
22:50:00.457 [pool-2-thread-1] INFO  com.intuit.karate - karate.env system property was: null 
22:50:00.509 [pool-2-thread-1] INFO  com.intuit.karate - >> lock acquired, begin callonce: read('classpath:conduitApp/helpers/CreateToken.feature')
22:50:00.739 [pool-2-thread-1] DEBUG com.intuit.karate - request:
1 > POST https://conduit-api.bondaracademy.com/api/users/login
1 > Content-Type: application/json; charset=UTF-8
1 > Content-Length: 65
1 > Host: conduit-api.bondaracademy.com
1 > Connection: Keep-Alive
1 > User-Agent: Apache-HttpClient/4.5.14 (Java/25.0.2)
1 > Accept-Encoding: gzip,deflate
{"user":{"email":"elosvadel84@gmail.com","password":"Osva12345"}}

22:50:01.222 [pool-2-thread-1] DEBUG com.intuit.karate - response time in milliseconds: 479
1 < 200
1 < x-powered-by: Express
1 < vary: Origin
1 < content-type: application/json; charset=utf-8
1 < etag: W/"136-EW2uc6MNQyTpSwLPCLHwN63L4hs"
1 < x-cloud-trace-context: 5555f993523f9a650a8e02326127c86b;o=1
1 < date: Sat, 14 Feb 2026 03:50:01 GMT
1 < server: Google Frontend
1 < Content-Length: 310
{"user":{"email":"elosvadel84@gmail.com","username":"Osva","bio":null,"image":"https://conduit-api.bondaracademy.com/images/smiley-cyrus.jpeg","token":"eyJhbGciOiJIUzI1NiIsInR5cCI6IkpXVCJ9.eyJ1c2VyIjp7ImlkIjo0NTU0Nn0sImlhdCI6MTc3MTA0MTAwMSwiZXhwIjoxNzc2MjI1MDAxfQ.KBD4i1wD30uL8YbS0ookuv1jzwaBPHOZSt2LMh3Sdp4"}}

22:50:01.234 [pool-2-thread-1] INFO  com.intuit.karate - [print] INSIDE HELPER - TOKEN IS >>> eyJhbGciOiJIUzI1NiIsInR5cCI6IkpXVCJ9.eyJ1c2VyIjp7ImlkIjo0NTU0Nn0sImlhdCI6MTc3MTA0MTAwMSwiZXhwIjoxNzc2MjI1MDAxfQ.KBD4i1wD30uL8YbS0ookuv1jzwaBPHOZSt2LMh3Sdp4 
22:50:01.235 [pool-2-thread-1] INFO  com.intuit.karate - [print] INSIDE HELPER - USERNAME IS >>> Osva 
22:50:01.236 [pool-2-thread-1] INFO  com.intuit.karate - << lock released, cached callonce: read('classpath:conduitApp/helpers/CreateToken.feature')
22:50:01.241 [pool-2-thread-1] INFO  com.intuit.karate - === Logged in user: Osva === 
22:50:01.327 [pool-2-thread-1] DEBUG com.intuit.karate - request:
1 > GET https://conduit-api.bondaracademy.com/api/articles?limit=10&offset=0
1 > Authorization: Token eyJhbGciOiJIUzI1NiIsInR5cCI6IkpXVCJ9.eyJ1c2VyIjp7ImlkIjo0NTU0Nn0sImlhdCI6MTc3MTA0MTAwMSwiZXhwIjoxNzc2MjI1MDAxfQ.KBD4i1wD30uL8YbS0ookuv1jzwaBPHOZSt2LMh3Sdp4
1 > Host: conduit-api.bondaracademy.com
1 > Connection: Keep-Alive
1 > User-Agent: Apache-HttpClient/4.5.14 (Java/25.0.2)
1 > Accept-Encoding: gzip,deflate


22:50:01.518 [pool-2-thread-1] DEBUG com.intuit.karate - response time in milliseconds: 189
1 < 200
1 < x-powered-by: Express
1 < vary: Origin
1 < content-type: application/json; charset=utf-8
1 < etag: W/"fea-fLOZSqlaucT47G8PrvF+ZYwjlxo"
1 < x-cloud-trace-context: 9aeedc78ca376e34c37a7b8377c3dcbb
1 < date: Sat, 14 Feb 2026 03:50:01 GMT
1 < server: Google Frontend
1 < Content-Length: 4074
{"articles":[{"slug":"Krazz-3ae044ec-d9f3-4ec2-b5d5-cbfd3d92f330-45546","title":"Krazz-3ae044ec-d9f3-4ec2-b5d5-cbfd3d92f330","description":"Myr","body":"Fear cuts deeper than swords.","tagList":["Bondar Academy"],"createdAt":"2026-02-13T22:59:09.658Z","updatedAt":"2026-02-13T22:59:09.658Z","favorited":false,"favoritesCount":0,"author":{"username":"Osva","bio":null,"image":"https://conduit-api.bondaracademy.com/images/smiley-cyrus.jpeg","following":false}},{"slug":"Jorelle-Mormont-45546","title":"Jorelle Mormont","description":"Old Ghis","body":"Never forget who you are. The rest of the world won't. Wear it like an armor and it can never be used against you.","tagList":["Bondar Academy"],"createdAt":"2026-02-13T22:37:28.021Z","updatedAt":"2026-02-13T22:37:28.021Z","favorited":true,"favoritesCount":1,"author":{"username":"Osva","bio":null,"image":"https://conduit-api.bondaracademy.com/images/smiley-cyrus.jpeg","following":false}},{"slug":"Morya-Frey-45546","title":"Morya Frey","description":"Samyrian","body":"Do the dead frighten you?","tagList":["YouTube"],"createdAt":"2026-02-11T21:07:07.253Z","updatedAt":"2026-02-11T21:07:07.253Z","favorited":true,"favoritesCount":9,"author":{"username":"Osva","bio":null,"image":"https://conduit-api.bondaracademy.com/images/smiley-cyrus.jpeg","following":false}},{"slug":"Harbert-Paege-45546","title":"Harbert Paege","description":"Tolos","body":"A lion doesn't concern itself with the opinion of sheep.","tagList":["Git"],"createdAt":"2026-02-11T20:51:34.764Z","updatedAt":"2026-02-11T20:51:34.764Z","favorited":true,"favoritesCount":1,"author":{"username":"Osva","bio":null,"image":"https://conduit-api.bondaracademy.com/images/smiley-cyrus.jpeg","following":false}},{"slug":"Tristimun-45546","title":"Tristimun","description":"White Harbor","body":"The things I do for love.","tagList":["GitHub"],"createdAt":"2026-02-11T20:35:34.834Z","updatedAt":"2026-02-11T20:35:34.834Z","favorited":true,"favoritesCount":1,"author":{"username":"Osva","bio":null,"image":"https://conduit-api.bondaracademy.com/images/smiley-cyrus.jpeg","following":false}},{"slug":"Mother-Mole-45546","title":"Mother Mole","description":"Sunspear","body":"Winter is coming.","tagList":["Blog"],"createdAt":"2026-02-11T20:33:18.422Z","updatedAt":"2026-02-11T20:33:18.422Z","favorited":false,"favoritesCount":0,"author":{"username":"Osva","bio":null,"image":"https://conduit-api.bondaracademy.com/images/smiley-cyrus.jpeg","following":false}},{"slug":"High-Sparrow-45546","title":"High Sparrow","description":"Braavos","body":"And I have a tender spot in my heart for cripples and bastards and broken things.","tagList":["Slack"],"createdAt":"2026-02-11T20:31:33.248Z","updatedAt":"2026-02-11T20:31:33.248Z","favorited":false,"favoritesCount":0,"author":{"username":"Osva","bio":null,"image":"https://conduit-api.bondaracademy.com/images/smiley-cyrus.jpeg","following":false}},{"slug":"Anguy-45546","title":"Anguy","description":"New Ghis","body":"Every flight begins with a fall.","tagList":["Blog"],"createdAt":"2026-02-11T17:59:58.529Z","updatedAt":"2026-02-11T17:59:58.529Z","favorited":false,"favoritesCount":0,"author":{"username":"Osva","bio":null,"image":"https://conduit-api.bondaracademy.com/images/smiley-cyrus.jpeg","following":false}},{"slug":"Kedry-45546","title":"Kedry","description":"Pentos","body":"Once you’ve accepted your flaws, no one can use them against you.","tagList":["Git"],"createdAt":"2026-02-11T17:54:53.795Z","updatedAt":"2026-02-11T17:54:53.795Z","favorited":false,"favoritesCount":0,"author":{"username":"Osva","bio":null,"image":"https://conduit-api.bondaracademy.com/images/smiley-cyrus.jpeg","following":false}},{"slug":"Yormwell-45546","title":"Yormwell","description":"Old Valyria","body":"The North remembers.","tagList":["Value-Focused"],"createdAt":"2026-02-11T16:14:56.387Z","updatedAt":"2026-02-11T16:14:56.387Z","favorited":false,"favoritesCount":0,"author":{"username":"Osva","bio":null,"image":"https://conduit-api.bondaracademy.com/images/smiley-cyrus.jpeg","following":false}}],"articlesCount":47}

22:50:01.533 [pool-2-thread-1] DEBUG com.intuit.karate - request:
2 > GET https://conduit-api.bondaracademy.com/api/articles/Krazz-3ae044ec-d9f3-4ec2-b5d5-cbfd3d92f330-45546/comments
2 > Authorization: Token eyJhbGciOiJIUzI1NiIsInR5cCI6IkpXVCJ9.eyJ1c2VyIjp7ImlkIjo0NTU0Nn0sImlhdCI6MTc3MTA0MTAwMSwiZXhwIjoxNzc2MjI1MDAxfQ.KBD4i1wD30uL8YbS0ookuv1jzwaBPHOZSt2LMh3Sdp4
2 > Host: conduit-api.bondaracademy.com
2 > Connection: Keep-Alive
2 > User-Agent: Apache-HttpClient/4.5.14 (Java/25.0.2)
2 > Accept-Encoding: gzip,deflate


22:50:01.713 [pool-2-thread-1] DEBUG com.intuit.karate - response time in milliseconds: 178
2 < 200
2 < x-powered-by: Express
2 < vary: Origin
2 < content-type: application/json; charset=utf-8
2 < etag: W/"474-UgUG1ybtOJ+lw1gUc1lgcl0Tbqk"
2 < x-cloud-trace-context: f84e8dd05eca94d8c3b1f181fcefbbe4
2 < date: Sat, 14 Feb 2026 03:50:01 GMT
2 < server: Google Frontend
2 < Content-Length: 1140
{"comments":[{"id":100514,"createdAt":"2026-02-14T03:25:42.337Z","updatedAt":"2026-02-14T03:25:42.337Z","body":"change here later to use a random value from Data Generator","author":{"username":"Osva","bio":null,"image":"https://conduit-api.bondaracademy.com/images/smiley-cyrus.jpeg","following":false}},{"id":100515,"createdAt":"2026-02-14T03:28:28.888Z","updatedAt":"2026-02-14T03:28:28.888Z","body":"change here later to use a random value from Data Generator","author":{"username":"Osva","bio":null,"image":"https://conduit-api.bondaracademy.com/images/smiley-cyrus.jpeg","following":false}},{"id":100516,"createdAt":"2026-02-14T03:29:34.079Z","updatedAt":"2026-02-14T03:29:34.079Z","body":"change here later to use a random value from Data Generator","author":{"username":"Osva","bio":null,"image":"https://conduit-api.bondaracademy.com/images/smiley-cyrus.jpeg","following":false}},{"id":100517,"createdAt":"2026-02-14T03:33:20.268Z","updatedAt":"2026-02-14T03:33:20.268Z","body":"randomCommentBody","author":{"username":"Osva","bio":null,"image":"https://conduit-api.bondaracademy.com/images/smiley-cyrus.jpeg","following":false}}]}

22:50:01.732 [pool-2-thread-1] INFO  com.intuit.karate - === Initial comments count: 4 === 
22:50:01.735 [pool-2-thread-1] DEBUG com.intuit.karate - request:
3 > POST https://conduit-api.bondaracademy.com/api/articles/Krazz-3ae044ec-d9f3-4ec2-b5d5-cbfd3d92f330-45546/comments
3 > Authorization: Token eyJhbGciOiJIUzI1NiIsInR5cCI6IkpXVCJ9.eyJ1c2VyIjp7ImlkIjo0NTU0Nn0sImlhdCI6MTc3MTA0MTAwMSwiZXhwIjoxNzc2MjI1MDAxfQ.KBD4i1wD30uL8YbS0ookuv1jzwaBPHOZSt2LMh3Sdp4
3 > Content-Type: application/json; charset=UTF-8
3 > Content-Length: 83
3 > Host: conduit-api.bondaracademy.com
3 > Connection: Keep-Alive
3 > User-Agent: Apache-HttpClient/4.5.14 (Java/25.0.2)
3 > Accept-Encoding: gzip,deflate
{"comment":{"body":"Veritatis optio reprehenderit iste excepturi consequatur et."}}

22:50:01.931 [pool-2-thread-1] DEBUG com.intuit.karate - response time in milliseconds: 195
3 < 200
3 < x-powered-by: Express
3 < vary: Origin
3 < content-type: application/json; charset=utf-8
3 < etag: W/"130-FMnQ1PNTHbXZ6dYNe59+o90FoIA"
3 < x-cloud-trace-context: a07c4902ebc89d4c5b0bdc1d94965d17
3 < date: Sat, 14 Feb 2026 03:50:02 GMT
3 < server: Google Frontend
3 < Content-Length: 304
{"comment":{"id":100518,"createdAt":"2026-02-14T03:50:02.023Z","updatedAt":"2026-02-14T03:50:02.023Z","body":"Veritatis optio reprehenderit iste excepturi consequatur et.","author":{"username":"Osva","bio":null,"image":"https://conduit-api.bondaracademy.com/images/smiley-cyrus.jpeg","following":false}}}

22:50:01.937 [pool-2-thread-1] DEBUG com.intuit.karate - request:
4 > GET https://conduit-api.bondaracademy.com/api/articles/Krazz-3ae044ec-d9f3-4ec2-b5d5-cbfd3d92f330-45546/comments
4 > Authorization: Token eyJhbGciOiJIUzI1NiIsInR5cCI6IkpXVCJ9.eyJ1c2VyIjp7ImlkIjo0NTU0Nn0sImlhdCI6MTc3MTA0MTAwMSwiZXhwIjoxNzc2MjI1MDAxfQ.KBD4i1wD30uL8YbS0ookuv1jzwaBPHOZSt2LMh3Sdp4
4 > Host: conduit-api.bondaracademy.com
4 > Connection: Keep-Alive
4 > User-Agent: Apache-HttpClient/4.5.14 (Java/25.0.2)
4 > Accept-Encoding: gzip,deflate


22:50:02.097 [pool-2-thread-1] DEBUG com.intuit.karate - response time in milliseconds: 159
4 < 200
4 < x-powered-by: Express
4 < vary: Origin
4 < content-type: application/json; charset=utf-8
4 < etag: W/"599-zglnXG+FHzN66ED/zc8449xKHJY"
4 < x-cloud-trace-context: 5b3c91548213622ed3b25e25c3398e24
4 < date: Sat, 14 Feb 2026 03:50:02 GMT
4 < server: Google Frontend
4 < Content-Length: 1433
{"comments":[{"id":100514,"createdAt":"2026-02-14T03:25:42.337Z","updatedAt":"2026-02-14T03:25:42.337Z","body":"change here later to use a random value from Data Generator","author":{"username":"Osva","bio":null,"image":"https://conduit-api.bondaracademy.com/images/smiley-cyrus.jpeg","following":false}},{"id":100515,"createdAt":"2026-02-14T03:28:28.888Z","updatedAt":"2026-02-14T03:28:28.888Z","body":"change here later to use a random value from Data Generator","author":{"username":"Osva","bio":null,"image":"https://conduit-api.bondaracademy.com/images/smiley-cyrus.jpeg","following":false}},{"id":100516,"createdAt":"2026-02-14T03:29:34.079Z","updatedAt":"2026-02-14T03:29:34.079Z","body":"change here later to use a random value from Data Generator","author":{"username":"Osva","bio":null,"image":"https://conduit-api.bondaracademy.com/images/smiley-cyrus.jpeg","following":false}},{"id":100517,"createdAt":"2026-02-14T03:33:20.268Z","updatedAt":"2026-02-14T03:33:20.268Z","body":"randomCommentBody","author":{"username":"Osva","bio":null,"image":"https://conduit-api.bondaracademy.com/images/smiley-cyrus.jpeg","following":false}},{"id":100518,"createdAt":"2026-02-14T03:50:02.023Z","updatedAt":"2026-02-14T03:50:02.023Z","body":"Veritatis optio reprehenderit iste excepturi consequatur et.","author":{"username":"Osva","bio":null,"image":"https://conduit-api.bondaracademy.com/images/smiley-cyrus.jpeg","following":false}}]}

22:50:02.106 [pool-2-thread-1] DEBUG com.intuit.karate - request:
5 > DELETE https://conduit-api.bondaracademy.com/api/articles/Krazz-3ae044ec-d9f3-4ec2-b5d5-cbfd3d92f330-45546/comments/100514
5 > Authorization: Token eyJhbGciOiJIUzI1NiIsInR5cCI6IkpXVCJ9.eyJ1c2VyIjp7ImlkIjo0NTU0Nn0sImlhdCI6MTc3MTA0MTAwMSwiZXhwIjoxNzc2MjI1MDAxfQ.KBD4i1wD30uL8YbS0ookuv1jzwaBPHOZSt2LMh3Sdp4
5 > Host: conduit-api.bondaracademy.com
5 > Connection: Keep-Alive
5 > User-Agent: Apache-HttpClient/4.5.14 (Java/25.0.2)
5 > Accept-Encoding: gzip,deflate


22:50:02.292 [pool-2-thread-1] DEBUG com.intuit.karate - response time in milliseconds: 186
5 < 200
5 < x-powered-by: Express
5 < vary: Origin
5 < content-type: application/json; charset=utf-8
5 < etag: W/"2-vyGp6PvFo4RvsFtPoIWeCReyIC8"
5 < x-cloud-trace-context: 29c9e3d02556b0dd76043ba48166a85f
5 < date: Sat, 14 Feb 2026 03:50:02 GMT
5 < server: Google Frontend
5 < Content-Length: 2
{}

22:50:02.296 [pool-2-thread-1] DEBUG com.intuit.karate - request:
6 > GET https://conduit-api.bondaracademy.com/api/articles/Krazz-3ae044ec-d9f3-4ec2-b5d5-cbfd3d92f330-45546/comments
6 > Authorization: Token eyJhbGciOiJIUzI1NiIsInR5cCI6IkpXVCJ9.eyJ1c2VyIjp7ImlkIjo0NTU0Nn0sImlhdCI6MTc3MTA0MTAwMSwiZXhwIjoxNzc2MjI1MDAxfQ.KBD4i1wD30uL8YbS0ookuv1jzwaBPHOZSt2LMh3Sdp4
6 > Host: conduit-api.bondaracademy.com
6 > Connection: Keep-Alive
6 > User-Agent: Apache-HttpClient/4.5.14 (Java/25.0.2)
6 > Accept-Encoding: gzip,deflate


22:50:02.480 [pool-2-thread-1] DEBUG com.intuit.karate - response time in milliseconds: 182
6 < 200
6 < x-powered-by: Express
6 < vary: Origin
6 < content-type: application/json; charset=utf-8
6 < etag: W/"475-mo+hDErmypINXWQJAsrs5L0dAbE"
6 < x-cloud-trace-context: c201c5d8f5480ee312320a2043cdc567
6 < date: Sat, 14 Feb 2026 03:50:02 GMT
6 < server: Google Frontend
6 < Content-Length: 1141
{"comments":[{"id":100515,"createdAt":"2026-02-14T03:28:28.888Z","updatedAt":"2026-02-14T03:28:28.888Z","body":"change here later to use a random value from Data Generator","author":{"username":"Osva","bio":null,"image":"https://conduit-api.bondaracademy.com/images/smiley-cyrus.jpeg","following":false}},{"id":100516,"createdAt":"2026-02-14T03:29:34.079Z","updatedAt":"2026-02-14T03:29:34.079Z","body":"change here later to use a random value from Data Generator","author":{"username":"Osva","bio":null,"image":"https://conduit-api.bondaracademy.com/images/smiley-cyrus.jpeg","following":false}},{"id":100517,"createdAt":"2026-02-14T03:33:20.268Z","updatedAt":"2026-02-14T03:33:20.268Z","body":"randomCommentBody","author":{"username":"Osva","bio":null,"image":"https://conduit-api.bondaracademy.com/images/smiley-cyrus.jpeg","following":false}},{"id":100518,"createdAt":"2026-02-14T03:50:02.023Z","updatedAt":"2026-02-14T03:50:02.023Z","body":"Veritatis optio reprehenderit iste excepturi consequatur et.","author":{"username":"Osva","bio":null,"image":"https://conduit-api.bondaracademy.com/images/smiley-cyrus.jpeg","following":false}}]}

---------------------------------------------------------
feature: classpath:conduitApp/feature/HomeWork.feature
scenarios:  1 | passed:  1 | failed:  0 | time: 1.9773
---------------------------------------------------------

22:50:03.191 [pool-3-thread-1] INFO  com.intuit.karate.Suite - <<pass>> feature 3 of 5 (2 remaining) classpath:conduitApp/feature/HomeWork.feature
Karate version: 1.5.0
======================================================
elapsed:   4.43 | threads:    5 | thread time: 1.98 
features:     1 | skipped:    4 | efficiency: 0.09
scenarios:    1 | passed:     1 | failed: 0
======================================================

HTML report: (paste into browser to view) | Karate version: 1.5.0
file:///Users/gloriagomez/myproject/target/karate-reports/karate-summary.html
===================================================================

]]></system-out>
    <system-err><![CDATA[Feb 13, 2026 10:50:03 PM net.masterthought.cucumber.ReportParser parseJsonFiles
INFO: File '/Users/gloriagomez/myproject/target/karate-reports/conduitApp.feature.HomeWork.json' contains 1 features
]]></system-err>
  </testcase>
</testsuite>